<?xml version="1.0" encoding="UTF-8"?>
<testsuite xmlns:xsi="http://www.w3.org/2001/XMLSchema-instance" xsi:noNamespaceSchemaLocation="https://maven.apache.org/surefire/maven-surefire-plugin/xsd/surefire-test-report-3.0.xsd" version="3.0" name="support.TestRunner" time="0.018" tests="1" errors="1" skipped="0" failures="0">
  <properties>
    <property name="java.specification.version" value="14"/>
    <property name="sun.jnu.encoding" value="UTF-8"/>
    <property name="java.class.path" value="/Users/averkhovskaya/PCS/Anna/ask-webdriver-java-cucumber-ACD1025/target/test-classes:/Users/averkhovskaya/PCS/Anna/ask-webdriver-java-cucumber-ACD1025/target/classes:/Users/averkhovskaya/.m2/repository/junit/junit/4.13/junit-4.13.jar:/Users/averkhovskaya/.m2/repository/org/hamcrest/hamcrest-core/1.3/hamcrest-core-1.3.jar:/Users/averkhovskaya/.m2/repository/org/apache/maven/surefire/surefire-junit47/3.0.0-M4/surefire-junit47-3.0.0-M4.jar:/Users/averkhovskaya/.m2/repository/org/apache/maven/surefire/common-junit48/3.0.0-M4/common-junit48-3.0.0-M4.jar:/Users/averkhovskaya/.m2/repository/org/apache/maven/surefire/common-junit4/3.0.0-M4/common-junit4-3.0.0-M4.jar:/Users/averkhovskaya/.m2/repository/org/apache/maven/surefire/common-junit3/3.0.0-M4/common-junit3-3.0.0-M4.jar:/Users/averkhovskaya/.m2/repository/org/apache/maven/surefire/common-java5/3.0.0-M4/common-java5-3.0.0-M4.jar:/Users/averkhovskaya/.m2/repository/org/apache/maven/surefire/surefire-grouper/3.0.0-M4/surefire-grouper-3.0.0-M4.jar:/Users/averkhovskaya/.m2/repository/org/apache/maven/surefire/surefire-api/3.0.0-M4/surefire-api-3.0.0-M4.jar:/Users/averkhovskaya/.m2/repository/org/apache/maven/surefire/surefire-logger-api/3.0.0-M4/surefire-logger-api-3.0.0-M4.jar:/Users/averkhovskaya/.m2/repository/org/testng/testng/7.1.0/testng-7.1.0.jar:/Users/averkhovskaya/.m2/repository/com/beust/jcommander/1.72/jcommander-1.72.jar:/Users/averkhovskaya/.m2/repository/com/google/inject/guice/4.1.0/guice-4.1.0-no_aop.jar:/Users/averkhovskaya/.m2/repository/javax/inject/javax.inject/1/javax.inject-1.jar:/Users/averkhovskaya/.m2/repository/aopalliance/aopalliance/1.0/aopalliance-1.0.jar:/Users/averkhovskaya/.m2/repository/org/yaml/snakeyaml/1.21/snakeyaml-1.21.jar:/Users/averkhovskaya/.m2/repository/io/github/bonigarcia/webdrivermanager/3.8.1/webdrivermanager-3.8.1.jar:/Users/averkhovskaya/.m2/repository/org/slf4j/slf4j-api/1.7.25/slf4j-api-1.7.25.jar:/Users/averkhovskaya/.m2/repository/com/google/code/gson/gson/2.8.5/gson-2.8.5.jar:/Users/averkhovskaya/.m2/repository/org/apache/commons/commons-lang3/3.8.1/commons-lang3-3.8.1.jar:/Users/averkhovskaya/.m2/repository/org/apache/httpcomponents/httpclient/4.5.6/httpclient-4.5.6.jar:/Users/averkhovskaya/.m2/repository/org/apache/httpcomponents/httpcore/4.4.10/httpcore-4.4.10.jar:/Users/averkhovskaya/.m2/repository/commons-codec/commons-codec/1.10/commons-codec-1.10.jar:/Users/averkhovskaya/.m2/repository/org/rauschig/jarchivelib/1.0.0/jarchivelib-1.0.0.jar:/Users/averkhovskaya/.m2/repository/org/apache/commons/commons-compress/1.18/commons-compress-1.18.jar:/Users/averkhovskaya/.m2/repository/org/jsoup/jsoup/1.11.3/jsoup-1.11.3.jar:/Users/averkhovskaya/.m2/repository/org/seleniumhq/selenium/selenium-java/3.141.59/selenium-java-3.141.59.jar:/Users/averkhovskaya/.m2/repository/org/seleniumhq/selenium/selenium-edge-driver/3.141.59/selenium-edge-driver-3.141.59.jar:/Users/averkhovskaya/.m2/repository/org/seleniumhq/selenium/selenium-ie-driver/3.141.59/selenium-ie-driver-3.141.59.jar:/Users/averkhovskaya/.m2/repository/org/seleniumhq/selenium/selenium-opera-driver/3.141.59/selenium-opera-driver-3.141.59.jar:/Users/averkhovskaya/.m2/repository/net/bytebuddy/byte-buddy/1.8.15/byte-buddy-1.8.15.jar:/Users/averkhovskaya/.m2/repository/org/apache/commons/commons-exec/1.3/commons-exec-1.3.jar:/Users/averkhovskaya/.m2/repository/com/google/guava/guava/25.0-jre/guava-25.0-jre.jar:/Users/averkhovskaya/.m2/repository/com/google/code/findbugs/jsr305/1.3.9/jsr305-1.3.9.jar:/Users/averkhovskaya/.m2/repository/org/checkerframework/checker-compat-qual/2.0.0/checker-compat-qual-2.0.0.jar:/Users/averkhovskaya/.m2/repository/com/google/errorprone/error_prone_annotations/2.1.3/error_prone_annotations-2.1.3.jar:/Users/averkhovskaya/.m2/repository/com/google/j2objc/j2objc-annotations/1.1/j2objc-annotations-1.1.jar:/Users/averkhovskaya/.m2/repository/org/codehaus/mojo/animal-sniffer-annotations/1.14/animal-sniffer-annotations-1.14.jar:/Users/averkhovskaya/.m2/repository/com/squareup/okhttp3/okhttp/3.11.0/okhttp-3.11.0.jar:/Users/averkhovskaya/.m2/repository/com/squareup/okio/okio/1.14.0/okio-1.14.0.jar:/Users/averkhovskaya/.m2/repository/org/seleniumhq/selenium/selenium-api/3.141.59/selenium-api-3.141.59.jar:/Users/averkhovskaya/.m2/repository/org/seleniumhq/selenium/selenium-support/3.141.59/selenium-support-3.141.59.jar:/Users/averkhovskaya/.m2/repository/org/seleniumhq/selenium/selenium-chrome-driver/3.141.59/selenium-chrome-driver-3.141.59.jar:/Users/averkhovskaya/.m2/repository/org/seleniumhq/selenium/selenium-safari-driver/3.141.59/selenium-safari-driver-3.141.59.jar:/Users/averkhovskaya/.m2/repository/org/seleniumhq/selenium/selenium-firefox-driver/3.141.59/selenium-firefox-driver-3.141.59.jar:/Users/averkhovskaya/.m2/repository/org/seleniumhq/selenium/selenium-remote-driver/3.141.59/selenium-remote-driver-3.141.59.jar:/Users/averkhovskaya/.m2/repository/org/seleniumhq/selenium/selenium-server/3.141.59/selenium-server-3.141.59.jar:/Users/averkhovskaya/.m2/repository/net/jcip/jcip-annotations/1.0/jcip-annotations-1.0.jar:/Users/averkhovskaya/.m2/repository/org/seleniumhq/selenium/jetty-repacked/9.4.12.v20180830/jetty-repacked-9.4.12.v20180830.jar:/Users/averkhovskaya/.m2/repository/javax/servlet/javax.servlet-api/3.1.0/javax.servlet-api-3.1.0.jar:/Users/averkhovskaya/.m2/repository/net/sourceforge/htmlunit/htmlunit/2.38.0/htmlunit-2.38.0.jar:/Users/averkhovskaya/.m2/repository/xalan/xalan/2.7.2/xalan-2.7.2.jar:/Users/averkhovskaya/.m2/repository/xalan/serializer/2.7.2/serializer-2.7.2.jar:/Users/averkhovskaya/.m2/repository/org/apache/commons/commons-text/1.8/commons-text-1.8.jar:/Users/averkhovskaya/.m2/repository/org/apache/httpcomponents/httpmime/4.5.12/httpmime-4.5.12.jar:/Users/averkhovskaya/.m2/repository/net/sourceforge/htmlunit/htmlunit-core-js/2.38.0/htmlunit-core-js-2.38.0.jar:/Users/averkhovskaya/.m2/repository/net/sourceforge/htmlunit/neko-htmlunit/2.38.0/neko-htmlunit-2.38.0.jar:/Users/averkhovskaya/.m2/repository/xerces/xercesImpl/2.12.0/xercesImpl-2.12.0.jar:/Users/averkhovskaya/.m2/repository/xml-apis/xml-apis/1.4.01/xml-apis-1.4.01.jar:/Users/averkhovskaya/.m2/repository/net/sourceforge/htmlunit/htmlunit-cssparser/1.5.0/htmlunit-cssparser-1.5.0.jar:/Users/averkhovskaya/.m2/repository/commons-logging/commons-logging/1.2/commons-logging-1.2.jar:/Users/averkhovskaya/.m2/repository/commons-net/commons-net/3.6/commons-net-3.6.jar:/Users/averkhovskaya/.m2/repository/org/brotli/dec/0.1.2/dec-0.1.2.jar:/Users/averkhovskaya/.m2/repository/org/eclipse/jetty/websocket/websocket-client/9.4.27.v20200227/websocket-client-9.4.27.v20200227.jar:/Users/averkhovskaya/.m2/repository/org/eclipse/jetty/jetty-client/9.4.27.v20200227/jetty-client-9.4.27.v20200227.jar:/Users/averkhovskaya/.m2/repository/org/eclipse/jetty/jetty-http/9.4.27.v20200227/jetty-http-9.4.27.v20200227.jar:/Users/averkhovskaya/.m2/repository/org/eclipse/jetty/jetty-xml/9.4.27.v20200227/jetty-xml-9.4.27.v20200227.jar:/Users/averkhovskaya/.m2/repository/org/eclipse/jetty/jetty-util/9.4.27.v20200227/jetty-util-9.4.27.v20200227.jar:/Users/averkhovskaya/.m2/repository/org/eclipse/jetty/jetty-io/9.4.27.v20200227/jetty-io-9.4.27.v20200227.jar:/Users/averkhovskaya/.m2/repository/org/eclipse/jetty/websocket/websocket-common/9.4.27.v20200227/websocket-common-9.4.27.v20200227.jar:/Users/averkhovskaya/.m2/repository/org/eclipse/jetty/websocket/websocket-api/9.4.27.v20200227/websocket-api-9.4.27.v20200227.jar:/Users/averkhovskaya/.m2/repository/org/seleniumhq/selenium/htmlunit-driver/2.38.0/htmlunit-driver-2.38.0.jar:/Users/averkhovskaya/.m2/repository/io/cucumber/cucumber-java/4.4.0/cucumber-java-4.4.0.jar:/Users/averkhovskaya/.m2/repository/io/cucumber/cucumber-core/4.4.0/cucumber-core-4.4.0.jar:/Users/averkhovskaya/.m2/repository/io/cucumber/gherkin/5.1.0/gherkin-5.1.0.jar:/Users/averkhovskaya/.m2/repository/io/cucumber/tag-expressions/1.1.1/tag-expressions-1.1.1.jar:/Users/averkhovskaya/.m2/repository/io/cucumber/cucumber-java8/4.4.0/cucumber-java8-4.4.0.jar:/Users/averkhovskaya/.m2/repository/net/jodah/typetools/0.5.0/typetools-0.5.0.jar:/Users/averkhovskaya/.m2/repository/io/cucumber/cucumber-junit/4.4.0/cucumber-junit-4.4.0.jar:/Users/averkhovskaya/.m2/repository/io/cucumber/cucumber-testng/4.4.0/cucumber-testng-4.4.0.jar:/Users/averkhovskaya/.m2/repository/io/cucumber/cucumber-expressions/9.0.0/cucumber-expressions-9.0.0.jar:/Users/averkhovskaya/.m2/repository/org/apiguardian/apiguardian-api/1.1.0/apiguardian-api-1.1.0.jar:/Users/averkhovskaya/.m2/repository/io/cucumber/datatable/3.3.0/datatable-3.3.0.jar:/Users/averkhovskaya/.m2/repository/org/assertj/assertj-core/3.15.0/assertj-core-3.15.0.jar:/Users/averkhovskaya/.m2/repository/commons-io/commons-io/2.6/commons-io-2.6.jar:/Users/averkhovskaya/.m2/repository/io/rest-assured/rest-assured/4.2.0/rest-assured-4.2.0.jar:/Users/averkhovskaya/.m2/repository/org/codehaus/groovy/groovy/2.5.8/groovy-2.5.8.jar:/Users/averkhovskaya/.m2/repository/org/codehaus/groovy/groovy-xml/2.5.8/groovy-xml-2.5.8.jar:/Users/averkhovskaya/.m2/repository/org/hamcrest/hamcrest/2.1/hamcrest-2.1.jar:/Users/averkhovskaya/.m2/repository/org/ccil/cowan/tagsoup/tagsoup/1.2.1/tagsoup-1.2.1.jar:/Users/averkhovskaya/.m2/repository/io/rest-assured/json-path/4.2.0/json-path-4.2.0.jar:/Users/averkhovskaya/.m2/repository/org/codehaus/groovy/groovy-json/2.5.8/groovy-json-2.5.8.jar:/Users/averkhovskaya/.m2/repository/io/rest-assured/rest-assured-common/4.2.0/rest-assured-common-4.2.0.jar:/Users/averkhovskaya/.m2/repository/io/rest-assured/xml-path/4.2.0/xml-path-4.2.0.jar:/Users/averkhovskaya/.m2/repository/jakarta/xml/bind/jakarta.xml.bind-api/2.3.2/jakarta.xml.bind-api-2.3.2.jar:/Users/averkhovskaya/.m2/repository/jakarta/activation/jakarta.activation-api/1.2.1/jakarta.activation-api-1.2.1.jar:/Users/averkhovskaya/.m2/repository/com/sun/xml/bind/jaxb-osgi/2.3.0.1/jaxb-osgi-2.3.0.1.jar:/Users/averkhovskaya/.m2/repository/org/apache/sling/org.apache.sling.javax.activation/0.1.0/org.apache.sling.javax.activation-0.1.0.jar:/Users/averkhovskaya/.m2/repository/javax/activation/activation/1.1.1/activation-1.1.1.jar:/Users/averkhovskaya/.m2/repository/com/fasterxml/jackson/core/jackson-databind/2.10.2/jackson-databind-2.10.2.jar:/Users/averkhovskaya/.m2/repository/com/fasterxml/jackson/core/jackson-annotations/2.10.2/jackson-annotations-2.10.2.jar:/Users/averkhovskaya/.m2/repository/com/fasterxml/jackson/core/jackson-core/2.10.2/jackson-core-2.10.2.jar:/Users/averkhovskaya/.m2/repository/org/hamcrest/hamcrest-all/1.3/hamcrest-all-1.3.jar:/Users/averkhovskaya/.m2/repository/org/apache/logging/log4j/log4j-core/2.13.0/log4j-core-2.13.0.jar:/Users/averkhovskaya/.m2/repository/org/apache/logging/log4j/log4j-api/2.13.0/log4j-api-2.13.0.jar:/Users/averkhovskaya/.m2/repository/org/apache/logging/log4j/log4j-slf4j-impl/2.13.0/log4j-slf4j-impl-2.13.0.jar:"/>
    <property name="java.vm.vendor" value="Oracle Corporation"/>
    <property name="sun.arch.data.model" value="64"/>
    <property name="java.vendor.url" value="https://java.oracle.com/"/>
    <property name="os.name" value="Mac OS X"/>
    <property name="java.vm.specification.version" value="14"/>
    <property name="sun.java.launcher" value="SUN_STANDARD"/>
    <property name="user.country" value="US"/>
    <property name="sun.boot.library.path" value="/Library/Java/JavaVirtualMachines/jdk-14.0.2.jdk/Contents/Home/lib"/>
    <property name="sun.java.command" value="/Users/averkhovskaya/PCS/Anna/ask-webdriver-java-cucumber-ACD1025/target/surefire/surefirebooter10090456498247597571.jar /Users/averkhovskaya/PCS/Anna/ask-webdriver-java-cucumber-ACD1025/target/surefire 2022-11-22T11-01-34_340-jvmRun1 surefire1556986295060830896tmp surefire_07278964330166841382tmp"/>
    <property name="http.nonProxyHosts" value="local|*.local|169.254/16|*.169.254/16"/>
    <property name="jdk.debug" value="release"/>
    <property name="surefire.test.class.path" value="/Users/averkhovskaya/PCS/Anna/ask-webdriver-java-cucumber-ACD1025/target/test-classes:/Users/averkhovskaya/PCS/Anna/ask-webdriver-java-cucumber-ACD1025/target/classes:/Users/averkhovskaya/.m2/repository/junit/junit/4.13/junit-4.13.jar:/Users/averkhovskaya/.m2/repository/org/hamcrest/hamcrest-core/1.3/hamcrest-core-1.3.jar:/Users/averkhovskaya/.m2/repository/org/apache/maven/surefire/surefire-junit47/3.0.0-M4/surefire-junit47-3.0.0-M4.jar:/Users/averkhovskaya/.m2/repository/org/apache/maven/surefire/common-junit48/3.0.0-M4/common-junit48-3.0.0-M4.jar:/Users/averkhovskaya/.m2/repository/org/apache/maven/surefire/common-junit4/3.0.0-M4/common-junit4-3.0.0-M4.jar:/Users/averkhovskaya/.m2/repository/org/apache/maven/surefire/common-junit3/3.0.0-M4/common-junit3-3.0.0-M4.jar:/Users/averkhovskaya/.m2/repository/org/apache/maven/surefire/common-java5/3.0.0-M4/common-java5-3.0.0-M4.jar:/Users/averkhovskaya/.m2/repository/org/apache/maven/surefire/surefire-grouper/3.0.0-M4/surefire-grouper-3.0.0-M4.jar:/Users/averkhovskaya/.m2/repository/org/apache/maven/surefire/surefire-api/3.0.0-M4/surefire-api-3.0.0-M4.jar:/Users/averkhovskaya/.m2/repository/org/apache/maven/surefire/surefire-logger-api/3.0.0-M4/surefire-logger-api-3.0.0-M4.jar:/Users/averkhovskaya/.m2/repository/org/testng/testng/7.1.0/testng-7.1.0.jar:/Users/averkhovskaya/.m2/repository/com/beust/jcommander/1.72/jcommander-1.72.jar:/Users/averkhovskaya/.m2/repository/com/google/inject/guice/4.1.0/guice-4.1.0-no_aop.jar:/Users/averkhovskaya/.m2/repository/javax/inject/javax.inject/1/javax.inject-1.jar:/Users/averkhovskaya/.m2/repository/aopalliance/aopalliance/1.0/aopalliance-1.0.jar:/Users/averkhovskaya/.m2/repository/org/yaml/snakeyaml/1.21/snakeyaml-1.21.jar:/Users/averkhovskaya/.m2/repository/io/github/bonigarcia/webdrivermanager/3.8.1/webdrivermanager-3.8.1.jar:/Users/averkhovskaya/.m2/repository/org/slf4j/slf4j-api/1.7.25/slf4j-api-1.7.25.jar:/Users/averkhovskaya/.m2/repository/com/google/code/gson/gson/2.8.5/gson-2.8.5.jar:/Users/averkhovskaya/.m2/repository/org/apache/commons/commons-lang3/3.8.1/commons-lang3-3.8.1.jar:/Users/averkhovskaya/.m2/repository/org/apache/httpcomponents/httpclient/4.5.6/httpclient-4.5.6.jar:/Users/averkhovskaya/.m2/repository/org/apache/httpcomponents/httpcore/4.4.10/httpcore-4.4.10.jar:/Users/averkhovskaya/.m2/repository/commons-codec/commons-codec/1.10/commons-codec-1.10.jar:/Users/averkhovskaya/.m2/repository/org/rauschig/jarchivelib/1.0.0/jarchivelib-1.0.0.jar:/Users/averkhovskaya/.m2/repository/org/apache/commons/commons-compress/1.18/commons-compress-1.18.jar:/Users/averkhovskaya/.m2/repository/org/jsoup/jsoup/1.11.3/jsoup-1.11.3.jar:/Users/averkhovskaya/.m2/repository/org/seleniumhq/selenium/selenium-java/3.141.59/selenium-java-3.141.59.jar:/Users/averkhovskaya/.m2/repository/org/seleniumhq/selenium/selenium-edge-driver/3.141.59/selenium-edge-driver-3.141.59.jar:/Users/averkhovskaya/.m2/repository/org/seleniumhq/selenium/selenium-ie-driver/3.141.59/selenium-ie-driver-3.141.59.jar:/Users/averkhovskaya/.m2/repository/org/seleniumhq/selenium/selenium-opera-driver/3.141.59/selenium-opera-driver-3.141.59.jar:/Users/averkhovskaya/.m2/repository/net/bytebuddy/byte-buddy/1.8.15/byte-buddy-1.8.15.jar:/Users/averkhovskaya/.m2/repository/org/apache/commons/commons-exec/1.3/commons-exec-1.3.jar:/Users/averkhovskaya/.m2/repository/com/google/guava/guava/25.0-jre/guava-25.0-jre.jar:/Users/averkhovskaya/.m2/repository/com/google/code/findbugs/jsr305/1.3.9/jsr305-1.3.9.jar:/Users/averkhovskaya/.m2/repository/org/checkerframework/checker-compat-qual/2.0.0/checker-compat-qual-2.0.0.jar:/Users/averkhovskaya/.m2/repository/com/google/errorprone/error_prone_annotations/2.1.3/error_prone_annotations-2.1.3.jar:/Users/averkhovskaya/.m2/repository/com/google/j2objc/j2objc-annotations/1.1/j2objc-annotations-1.1.jar:/Users/averkhovskaya/.m2/repository/org/codehaus/mojo/animal-sniffer-annotations/1.14/animal-sniffer-annotations-1.14.jar:/Users/averkhovskaya/.m2/repository/com/squareup/okhttp3/okhttp/3.11.0/okhttp-3.11.0.jar:/Users/averkhovskaya/.m2/repository/com/squareup/okio/okio/1.14.0/okio-1.14.0.jar:/Users/averkhovskaya/.m2/repository/org/seleniumhq/selenium/selenium-api/3.141.59/selenium-api-3.141.59.jar:/Users/averkhovskaya/.m2/repository/org/seleniumhq/selenium/selenium-support/3.141.59/selenium-support-3.141.59.jar:/Users/averkhovskaya/.m2/repository/org/seleniumhq/selenium/selenium-chrome-driver/3.141.59/selenium-chrome-driver-3.141.59.jar:/Users/averkhovskaya/.m2/repository/org/seleniumhq/selenium/selenium-safari-driver/3.141.59/selenium-safari-driver-3.141.59.jar:/Users/averkhovskaya/.m2/repository/org/seleniumhq/selenium/selenium-firefox-driver/3.141.59/selenium-firefox-driver-3.141.59.jar:/Users/averkhovskaya/.m2/repository/org/seleniumhq/selenium/selenium-remote-driver/3.141.59/selenium-remote-driver-3.141.59.jar:/Users/averkhovskaya/.m2/repository/org/seleniumhq/selenium/selenium-server/3.141.59/selenium-server-3.141.59.jar:/Users/averkhovskaya/.m2/repository/net/jcip/jcip-annotations/1.0/jcip-annotations-1.0.jar:/Users/averkhovskaya/.m2/repository/org/seleniumhq/selenium/jetty-repacked/9.4.12.v20180830/jetty-repacked-9.4.12.v20180830.jar:/Users/averkhovskaya/.m2/repository/javax/servlet/javax.servlet-api/3.1.0/javax.servlet-api-3.1.0.jar:/Users/averkhovskaya/.m2/repository/net/sourceforge/htmlunit/htmlunit/2.38.0/htmlunit-2.38.0.jar:/Users/averkhovskaya/.m2/repository/xalan/xalan/2.7.2/xalan-2.7.2.jar:/Users/averkhovskaya/.m2/repository/xalan/serializer/2.7.2/serializer-2.7.2.jar:/Users/averkhovskaya/.m2/repository/org/apache/commons/commons-text/1.8/commons-text-1.8.jar:/Users/averkhovskaya/.m2/repository/org/apache/httpcomponents/httpmime/4.5.12/httpmime-4.5.12.jar:/Users/averkhovskaya/.m2/repository/net/sourceforge/htmlunit/htmlunit-core-js/2.38.0/htmlunit-core-js-2.38.0.jar:/Users/averkhovskaya/.m2/repository/net/sourceforge/htmlunit/neko-htmlunit/2.38.0/neko-htmlunit-2.38.0.jar:/Users/averkhovskaya/.m2/repository/xerces/xercesImpl/2.12.0/xercesImpl-2.12.0.jar:/Users/averkhovskaya/.m2/repository/xml-apis/xml-apis/1.4.01/xml-apis-1.4.01.jar:/Users/averkhovskaya/.m2/repository/net/sourceforge/htmlunit/htmlunit-cssparser/1.5.0/htmlunit-cssparser-1.5.0.jar:/Users/averkhovskaya/.m2/repository/commons-logging/commons-logging/1.2/commons-logging-1.2.jar:/Users/averkhovskaya/.m2/repository/commons-net/commons-net/3.6/commons-net-3.6.jar:/Users/averkhovskaya/.m2/repository/org/brotli/dec/0.1.2/dec-0.1.2.jar:/Users/averkhovskaya/.m2/repository/org/eclipse/jetty/websocket/websocket-client/9.4.27.v20200227/websocket-client-9.4.27.v20200227.jar:/Users/averkhovskaya/.m2/repository/org/eclipse/jetty/jetty-client/9.4.27.v20200227/jetty-client-9.4.27.v20200227.jar:/Users/averkhovskaya/.m2/repository/org/eclipse/jetty/jetty-http/9.4.27.v20200227/jetty-http-9.4.27.v20200227.jar:/Users/averkhovskaya/.m2/repository/org/eclipse/jetty/jetty-xml/9.4.27.v20200227/jetty-xml-9.4.27.v20200227.jar:/Users/averkhovskaya/.m2/repository/org/eclipse/jetty/jetty-util/9.4.27.v20200227/jetty-util-9.4.27.v20200227.jar:/Users/averkhovskaya/.m2/repository/org/eclipse/jetty/jetty-io/9.4.27.v20200227/jetty-io-9.4.27.v20200227.jar:/Users/averkhovskaya/.m2/repository/org/eclipse/jetty/websocket/websocket-common/9.4.27.v20200227/websocket-common-9.4.27.v20200227.jar:/Users/averkhovskaya/.m2/repository/org/eclipse/jetty/websocket/websocket-api/9.4.27.v20200227/websocket-api-9.4.27.v20200227.jar:/Users/averkhovskaya/.m2/repository/org/seleniumhq/selenium/htmlunit-driver/2.38.0/htmlunit-driver-2.38.0.jar:/Users/averkhovskaya/.m2/repository/io/cucumber/cucumber-java/4.4.0/cucumber-java-4.4.0.jar:/Users/averkhovskaya/.m2/repository/io/cucumber/cucumber-core/4.4.0/cucumber-core-4.4.0.jar:/Users/averkhovskaya/.m2/repository/io/cucumber/gherkin/5.1.0/gherkin-5.1.0.jar:/Users/averkhovskaya/.m2/repository/io/cucumber/tag-expressions/1.1.1/tag-expressions-1.1.1.jar:/Users/averkhovskaya/.m2/repository/io/cucumber/cucumber-java8/4.4.0/cucumber-java8-4.4.0.jar:/Users/averkhovskaya/.m2/repository/net/jodah/typetools/0.5.0/typetools-0.5.0.jar:/Users/averkhovskaya/.m2/repository/io/cucumber/cucumber-junit/4.4.0/cucumber-junit-4.4.0.jar:/Users/averkhovskaya/.m2/repository/io/cucumber/cucumber-testng/4.4.0/cucumber-testng-4.4.0.jar:/Users/averkhovskaya/.m2/repository/io/cucumber/cucumber-expressions/9.0.0/cucumber-expressions-9.0.0.jar:/Users/averkhovskaya/.m2/repository/org/apiguardian/apiguardian-api/1.1.0/apiguardian-api-1.1.0.jar:/Users/averkhovskaya/.m2/repository/io/cucumber/datatable/3.3.0/datatable-3.3.0.jar:/Users/averkhovskaya/.m2/repository/org/assertj/assertj-core/3.15.0/assertj-core-3.15.0.jar:/Users/averkhovskaya/.m2/repository/commons-io/commons-io/2.6/commons-io-2.6.jar:/Users/averkhovskaya/.m2/repository/io/rest-assured/rest-assured/4.2.0/rest-assured-4.2.0.jar:/Users/averkhovskaya/.m2/repository/org/codehaus/groovy/groovy/2.5.8/groovy-2.5.8.jar:/Users/averkhovskaya/.m2/repository/org/codehaus/groovy/groovy-xml/2.5.8/groovy-xml-2.5.8.jar:/Users/averkhovskaya/.m2/repository/org/hamcrest/hamcrest/2.1/hamcrest-2.1.jar:/Users/averkhovskaya/.m2/repository/org/ccil/cowan/tagsoup/tagsoup/1.2.1/tagsoup-1.2.1.jar:/Users/averkhovskaya/.m2/repository/io/rest-assured/json-path/4.2.0/json-path-4.2.0.jar:/Users/averkhovskaya/.m2/repository/org/codehaus/groovy/groovy-json/2.5.8/groovy-json-2.5.8.jar:/Users/averkhovskaya/.m2/repository/io/rest-assured/rest-assured-common/4.2.0/rest-assured-common-4.2.0.jar:/Users/averkhovskaya/.m2/repository/io/rest-assured/xml-path/4.2.0/xml-path-4.2.0.jar:/Users/averkhovskaya/.m2/repository/jakarta/xml/bind/jakarta.xml.bind-api/2.3.2/jakarta.xml.bind-api-2.3.2.jar:/Users/averkhovskaya/.m2/repository/jakarta/activation/jakarta.activation-api/1.2.1/jakarta.activation-api-1.2.1.jar:/Users/averkhovskaya/.m2/repository/com/sun/xml/bind/jaxb-osgi/2.3.0.1/jaxb-osgi-2.3.0.1.jar:/Users/averkhovskaya/.m2/repository/org/apache/sling/org.apache.sling.javax.activation/0.1.0/org.apache.sling.javax.activation-0.1.0.jar:/Users/averkhovskaya/.m2/repository/javax/activation/activation/1.1.1/activation-1.1.1.jar:/Users/averkhovskaya/.m2/repository/com/fasterxml/jackson/core/jackson-databind/2.10.2/jackson-databind-2.10.2.jar:/Users/averkhovskaya/.m2/repository/com/fasterxml/jackson/core/jackson-annotations/2.10.2/jackson-annotations-2.10.2.jar:/Users/averkhovskaya/.m2/repository/com/fasterxml/jackson/core/jackson-core/2.10.2/jackson-core-2.10.2.jar:/Users/averkhovskaya/.m2/repository/org/hamcrest/hamcrest-all/1.3/hamcrest-all-1.3.jar:/Users/averkhovskaya/.m2/repository/org/apache/logging/log4j/log4j-core/2.13.0/log4j-core-2.13.0.jar:/Users/averkhovskaya/.m2/repository/org/apache/logging/log4j/log4j-api/2.13.0/log4j-api-2.13.0.jar:/Users/averkhovskaya/.m2/repository/org/apache/logging/log4j/log4j-slf4j-impl/2.13.0/log4j-slf4j-impl-2.13.0.jar:"/>
    <property name="sun.cpu.endian" value="little"/>
    <property name="user.home" value="/Users/averkhovskaya"/>
    <property name="user.language" value="en"/>
    <property name="java.specification.vendor" value="Oracle Corporation"/>
    <property name="java.version.date" value="2020-07-14"/>
    <property name="java.home" value="/Library/Java/JavaVirtualMachines/jdk-14.0.2.jdk/Contents/Home"/>
    <property name="file.separator" value="/"/>
    <property name="basedir" value="/Users/averkhovskaya/PCS/Anna/ask-webdriver-java-cucumber-ACD1025"/>
    <property name="java.vm.compressedOopsMode" value="Zero based"/>
    <property name="line.separator" value="&#10;"/>
    <property name="java.specification.name" value="Java Platform API Specification"/>
    <property name="java.vm.specification.vendor" value="Oracle Corporation"/>
    <property name="surefire.real.class.path" value="/Users/averkhovskaya/PCS/Anna/ask-webdriver-java-cucumber-ACD1025/target/surefire/surefirebooter10090456498247597571.jar"/>
    <property name="sun.management.compiler" value="HotSpot 64-Bit Tiered Compilers"/>
    <property name="ftp.nonProxyHosts" value="local|*.local|169.254/16|*.169.254/16"/>
    <property name="java.runtime.version" value="14.0.2+12-46"/>
    <property name="user.name" value="averkhovskaya"/>
    <property name="path.separator" value=":"/>
    <property name="os.version" value="10.15.7"/>
    <property name="java.runtime.name" value="Java(TM) SE Runtime Environment"/>
    <property name="file.encoding" value="UTF-8"/>
    <property name="java.vm.name" value="Java HotSpot(TM) 64-Bit Server VM"/>
    <property name="localRepository" value="/Users/averkhovskaya/.m2/repository"/>
    <property name="cucumber.options" value="--tags @predefined1 and @predefined2"/>
    <property name="java.vendor.url.bug" value="https://bugreport.java.com/bugreport/"/>
    <property name="java.io.tmpdir" value="/var/folders/m9/j2vnwyrn3hzch2ppn8g62wnrj64bfq/T/"/>
    <property name="java.version" value="14.0.2"/>
    <property name="user.dir" value="/Users/averkhovskaya/PCS/Anna/ask-webdriver-java-cucumber-ACD1025"/>
    <property name="os.arch" value="x86_64"/>
    <property name="java.vm.specification.name" value="Java Virtual Machine Specification"/>
    <property name="java.library.path" value="/Users/averkhovskaya/Library/Java/Extensions:/Library/Java/Extensions:/Network/Library/Java/Extensions:/System/Library/Java/Extensions:/usr/lib/java:."/>
    <property name="java.vm.info" value="mixed mode, sharing"/>
    <property name="java.vendor" value="Oracle Corporation"/>
    <property name="java.vm.version" value="14.0.2+12-46"/>
    <property name="sun.io.unicode.encoding" value="UnicodeBig"/>
    <property name="socksNonProxyHosts" value="local|*.local|169.254/16|*.169.254/16"/>
    <property name="java.class.version" value="58.0"/>
  </properties>
  <testcase name="initializationError" classname="support.TestRunner" time="0.005">
    <error message="Not a file or directory: /Users/averkhovskaya/PCS/Anna/ask-webdriver-java-cucumber-ACD1025/predefined2" type="java.lang.IllegalArgumentException"><![CDATA[java.lang.IllegalArgumentException: Not a file or directory: /Users/averkhovskaya/PCS/Anna/ask-webdriver-java-cucumber-ACD1025/predefined2
]]></error>
  </testcase>
</testsuite>